\BOOKMARK [0][-]{chapter*.2}{\376\377\000P\000r\000e\000f\000a\000c\000e}{}% 1
\BOOKMARK [-1][-]{part.1}{\376\377\000I\000\040\000G\000e\000t\000t\000i\000n\000g\000\040\000S\000t\000a\000r\000t\000e\000d}{}% 2
\BOOKMARK [0][-]{chapter.1}{\376\377\000I\000n\000s\000t\000a\000l\000l\000a\000t\000i\000o\000n\000\040\000a\000n\000d\000\040\000S\000e\000t\000u\000p}{part.1}% 3
\BOOKMARK [1][-]{section.1.1}{\376\377\000S\000y\000s\000t\000e\000m\000\040\000R\000e\000q\000u\000i\000r\000e\000m\000e\000n\000t\000s}{chapter.1}% 4
\BOOKMARK [1][-]{section.1.2}{\376\377\000I\000n\000s\000t\000a\000l\000l\000i\000n\000g\000\040\000D\000e\000p\000e\000n\000d\000e\000n\000c\000i\000e\000s}{chapter.1}% 5
\BOOKMARK [2][-]{subsection.1.2.1}{\376\377\000M\000e\000t\000h\000o\000d\000\040\0001\000:\000\040\000p\000i\000p\000\040\000i\000n\000s\000t\000a\000l\000l\000\040\000w\000i\000t\000h\000\040\000r\000e\000q\000u\000i\000r\000e\000m\000e\000n\000t\000s\000.\000t\000x\000t}{section.1.2}% 6
\BOOKMARK [2][-]{subsection.1.2.2}{\376\377\000M\000e\000t\000h\000o\000d\000\040\0002\000:\000\040\000E\000d\000i\000t\000a\000b\000l\000e\000\040\000i\000n\000s\000t\000a\000l\000l\000\040\000\050\000r\000e\000c\000o\000m\000m\000e\000n\000d\000e\000d\000\051}{section.1.2}% 7
\BOOKMARK [1][-]{section.1.3}{\376\377\000V\000e\000r\000i\000f\000y\000i\000n\000g\000\040\000t\000h\000e\000\040\000I\000n\000s\000t\000a\000l\000l\000a\000t\000i\000o\000n}{chapter.1}% 8
\BOOKMARK [1][-]{section.1.4}{\376\377\000P\000r\000o\000j\000e\000c\000t\000\040\000S\000t\000r\000u\000c\000t\000u\000r\000e\000\040\000O\000v\000e\000r\000v\000i\000e\000w}{chapter.1}% 9
\BOOKMARK [1][-]{section.1.5}{\376\377\000D\000e\000p\000e\000n\000d\000e\000n\000c\000i\000e\000s}{chapter.1}% 10
\BOOKMARK [0][-]{chapter.2}{\376\377\000Q\000u\000i\000c\000k\000\040\000S\000t\000a\000r\000t\000\040\000T\000u\000t\000o\000r\000i\000a\000l}{part.1}% 11
\BOOKMARK [1][-]{section.2.1}{\376\377\000S\000t\000e\000p\000\040\0001\000:\000\040\000E\000x\000a\000m\000i\000n\000e\000\040\000t\000h\000e\000\040\000C\000o\000n\000f\000i\000g\000u\000r\000a\000t\000i\000o\000n\000\040\000F\000i\000l\000e}{chapter.2}% 12
\BOOKMARK [1][-]{section.2.2}{\376\377\000S\000t\000e\000p\000\040\0002\000:\000\040\000P\000r\000e\000v\000i\000e\000w\000\040\000w\000i\000t\000h\000\040\000t\000h\000e\000\040\000i\000n\000f\000o\000\040\000C\000o\000m\000m\000a\000n\000d}{chapter.2}% 13
\BOOKMARK [1][-]{section.2.3}{\376\377\000S\000t\000e\000p\000\040\0003\000:\000\040\000G\000e\000n\000e\000r\000a\000t\000e\000\040\000t\000h\000e\000\040\000R\000u\000n\000n\000e\000r\000\040\000S\000c\000r\000i\000p\000t}{chapter.2}% 14
\BOOKMARK [1][-]{section.2.4}{\376\377\000S\000t\000e\000p\000\040\0004\000:\000\040\000E\000x\000a\000m\000i\000n\000e\000\040\000t\000h\000e\000\040\000G\000e\000n\000e\000r\000a\000t\000e\000d\000\040\000S\000c\000r\000i\000p\000t}{chapter.2}% 15
\BOOKMARK [1][-]{section.2.5}{\376\377\000S\000t\000e\000p\000\040\0005\000:\000\040\000R\000u\000n\000\040\000t\000h\000e\000\040\000E\000x\000p\000e\000r\000i\000m\000e\000n\000t\000s}{chapter.2}% 16
\BOOKMARK [1][-]{section.2.6}{\376\377\000S\000t\000e\000p\000\040\0006\000:\000\040\000A\000n\000a\000l\000y\000z\000e\000\040\000t\000h\000e\000\040\000R\000e\000s\000u\000l\000t\000s}{chapter.2}% 17
\BOOKMARK [1][-]{section.2.7}{\376\377\000S\000t\000e\000p\000\040\0007\000:\000\040\000G\000e\000n\000e\000r\000a\000t\000e\000\040\000a\000\040\000R\000e\000p\000o\000r\000t}{chapter.2}% 18
\BOOKMARK [0][-]{chapter.3}{\376\377\000U\000n\000d\000e\000r\000s\000t\000a\000n\000d\000i\000n\000g\000\040\000t\000h\000e\000\040\000W\000o\000r\000k\000f\000l\000o\000w}{part.1}% 19
\BOOKMARK [1][-]{section.3.1}{\376\377\000T\000h\000e\000\040\000F\000o\000u\000r\000-\000S\000t\000a\000g\000e\000\040\000P\000i\000p\000e\000l\000i\000n\000e}{chapter.3}% 20
\BOOKMARK [1][-]{section.3.2}{\376\377\000D\000a\000t\000a\000\040\000F\000l\000o\000w}{chapter.3}% 21
\BOOKMARK [1][-]{section.3.3}{\376\377\000W\000h\000e\000r\000e\000\040\000F\000i\000l\000e\000s\000\040\000G\000o}{chapter.3}% 22
\BOOKMARK [1][-]{section.3.4}{\376\377\000T\000h\000e\000\040\000R\000o\000l\000e\000\040\000o\000f\000\040\040\023\000s\000e\000e\000d}{chapter.3}% 23
\BOOKMARK [1][-]{section.3.5}{\376\377\000W\000h\000y\000\040\000A\000n\000a\000l\000y\000z\000e\000\040\000R\000e\000-\000d\000e\000r\000i\000v\000e\000s\000\040\000t\000h\000e\000\040\000D\000e\000s\000i\000g\000n}{chapter.3}% 24
\BOOKMARK [-1][-]{part.2}{\376\377\000I\000I\000\040\000C\000o\000n\000f\000i\000g\000u\000r\000a\000t\000i\000o\000n\000\040\000R\000e\000f\000e\000r\000e\000n\000c\000e}{}% 25
\BOOKMARK [0][-]{chapter.4}{\376\377\000T\000h\000e\000\040\000C\000o\000n\000f\000i\000g\000u\000r\000a\000t\000i\000o\000n\000\040\000F\000i\000l\000e}{part.2}% 26
\BOOKMARK [1][-]{section.4.1}{\376\377\000C\000o\000m\000p\000l\000e\000t\000e\000\040\000A\000n\000a\000t\000o\000m\000y}{chapter.4}% 27
\BOOKMARK [1][-]{section.4.2}{\376\377\000T\000h\000e\000\040\000m\000e\000t\000a\000d\000a\000t\000a\000\040\000S\000e\000c\000t\000i\000o\000n}{chapter.4}% 28
\BOOKMARK [1][-]{section.4.3}{\376\377\000T\000h\000e\000\040\000f\000a\000c\000t\000o\000r\000s\000\040\000S\000e\000c\000t\000i\000o\000n}{chapter.4}% 29
\BOOKMARK [2][-]{subsection.4.3.1}{\376\377\000M\000o\000d\000e\000r\000n\000\040\000D\000i\000c\000t\000i\000o\000n\000a\000r\000y\000\040\000F\000o\000r\000m\000a\000t}{section.4.3}% 30
\BOOKMARK [2][-]{subsection.4.3.2}{\376\377\000H\000o\000w\000\040\000F\000a\000c\000t\000o\000r\000\040\000T\000y\000p\000e\000s\000\040\000A\000f\000f\000e\000c\000t\000\040\000B\000e\000h\000a\000v\000i\000o\000r}{section.4.3}% 31
\BOOKMARK [2][-]{subsection.4.3.3}{\376\377\000H\000o\000w\000\040\000M\000a\000n\000y\000\040\000L\000e\000v\000e\000l\000s\000?}{section.4.3}% 32
\BOOKMARK [2][-]{subsection.4.3.4}{\376\377\000L\000e\000g\000a\000c\000y\000\040\000A\000r\000r\000a\000y\000\040\000F\000o\000r\000m\000a\000t}{section.4.3}% 33
\BOOKMARK [1][-]{section.4.4}{\376\377\000T\000h\000e\000\040\000r\000e\000s\000p\000o\000n\000s\000e\000s\000\040\000S\000e\000c\000t\000i\000o\000n}{chapter.4}% 34
\BOOKMARK [1][-]{section.4.5}{\376\377\000T\000h\000e\000\040\000r\000u\000n\000n\000e\000r\000\040\000S\000e\000c\000t\000i\000o\000n}{chapter.4}% 35
\BOOKMARK [2][-]{subsection.4.5.1}{\376\377\000A\000r\000g\000u\000m\000e\000n\000t\000\040\000S\000t\000y\000l\000e\000s}{section.4.5}% 36
\BOOKMARK [1][-]{section.4.6}{\376\377\000T\000h\000e\000\040\000s\000e\000t\000t\000i\000n\000g\000s\000\040\000S\000e\000c\000t\000i\000o\000n}{chapter.4}% 37
\BOOKMARK [2][-]{subsection.4.6.1}{\376\377\000S\000u\000p\000p\000o\000r\000t\000e\000d\000\040\000O\000p\000e\000r\000a\000t\000i\000o\000n\000s}{section.4.6}% 38
\BOOKMARK [2][-]{subsection.4.6.2}{\376\377\000l\000h\000s\000\137\000s\000a\000m\000p\000l\000e\000s}{section.4.6}% 39
\BOOKMARK [1][-]{section.4.7}{\376\377\000T\000h\000e\000\040\000f\000i\000x\000e\000d\000\137\000f\000a\000c\000t\000o\000r\000s\000\040\000S\000e\000c\000t\000i\000o\000n}{chapter.4}% 40
\BOOKMARK [1][-]{section.4.8}{\376\377\000L\000e\000g\000a\000c\000y\000\040\000F\000o\000r\000m\000a\000t\000\040\000S\000u\000p\000p\000o\000r\000t}{chapter.4}% 41
\BOOKMARK [2][-]{subsection.4.8.1}{\376\377\000s\000t\000a\000t\000i\000c\000\137\000s\000e\000t\000t\000i\000n\000g\000s}{section.4.8}% 42
\BOOKMARK [2][-]{subsection.4.8.2}{\376\377\000A\000r\000r\000a\000y\000-\000f\000o\000r\000m\000a\000t\000\040\000f\000a\000c\000t\000o\000r\000s}{section.4.8}% 43
\BOOKMARK [1][-]{section.4.9}{\376\377\000V\000a\000l\000i\000d\000a\000t\000i\000o\000n\000\040\000R\000u\000l\000e\000s}{chapter.4}% 44
\BOOKMARK [0][-]{chapter.5}{\376\377\000W\000r\000i\000t\000i\000n\000g\000\040\000T\000e\000s\000t\000\040\000S\000c\000r\000i\000p\000t\000s}{part.2}% 45
\BOOKMARK [1][-]{section.5.1}{\376\377\000T\000h\000e\000\040\000T\000e\000s\000t\000\040\000S\000c\000r\000i\000p\000t\000\040\000P\000r\000o\000t\000o\000c\000o\000l}{chapter.5}% 46
\BOOKMARK [1][-]{section.5.2}{\376\377\000B\000a\000s\000h\000\040\000T\000e\000s\000t\000\040\000S\000c\000r\000i\000p\000t\000\040\000\050\000d\000o\000u\000b\000l\000e\000-\000d\000a\000s\000h\000\040\000s\000t\000y\000l\000e\000\051}{chapter.5}% 47
\BOOKMARK [1][-]{section.5.3}{\376\377\000B\000a\000s\000h\000\040\000T\000e\000s\000t\000\040\000S\000c\000r\000i\000p\000t\000\040\000\050\000e\000n\000v\000\040\000s\000t\000y\000l\000e\000\051}{chapter.5}% 48
\BOOKMARK [1][-]{section.5.4}{\376\377\000P\000y\000t\000h\000o\000n\000\040\000T\000e\000s\000t\000\040\000S\000c\000r\000i\000p\000t}{chapter.5}% 49
\BOOKMARK [1][-]{section.5.5}{\376\377\000T\000h\000e\000\040\000O\000u\000t\000p\000u\000t\000\040\000J\000S\000O\000N\000\040\000F\000o\000r\000m\000a\000t}{chapter.5}% 50
\BOOKMARK [1][-]{section.5.6}{\376\377\000H\000a\000n\000d\000l\000i\000n\000g\000\040\000F\000i\000x\000e\000d\000\040\000F\000a\000c\000t\000o\000r\000s}{chapter.5}% 51
\BOOKMARK [1][-]{section.5.7}{\376\377\000E\000r\000r\000o\000r\000\040\000H\000a\000n\000d\000l\000i\000n\000g}{chapter.5}% 52
\BOOKMARK [1][-]{section.5.8}{\376\377\000T\000i\000p\000s\000\040\000f\000o\000r\000\040\000T\000e\000s\000t\000\040\000S\000c\000r\000i\000p\000t\000s}{chapter.5}% 53
\BOOKMARK [-1][-]{part.3}{\376\377\000I\000I\000I\000\040\000C\000o\000m\000m\000a\000n\000d\000s\000\040\000R\000e\000f\000e\000r\000e\000n\000c\000e}{}% 54
\BOOKMARK [0][-]{chapter.6}{\376\377\000T\000h\000e\000\040\000g\000e\000n\000e\000r\000a\000t\000e\000\040\000C\000o\000m\000m\000a\000n\000d}{part.3}% 55
\BOOKMARK [1][-]{section.6.1}{\376\377\000S\000y\000n\000o\000p\000s\000i\000s}{chapter.6}% 56
\BOOKMARK [1][-]{section.6.2}{\376\377\000F\000l\000a\000g\000s}{chapter.6}% 57
\BOOKMARK [1][-]{section.6.3}{\376\377\000W\000h\000a\000t\000\040\000I\000t\000\040\000D\000o\000e\000s}{chapter.6}% 58
\BOOKMARK [1][-]{section.6.4}{\376\377\000T\000h\000e\000\040\040\023\000d\000r\000y\000-\000r\000u\000n\000\040\000F\000l\000a\000g}{chapter.6}% 59
\BOOKMARK [1][-]{section.6.5}{\376\377\000G\000e\000n\000e\000r\000a\000t\000e\000d\000\040\000B\000a\000s\000h\000\040\000S\000c\000r\000i\000p\000t\000\040\000S\000t\000r\000u\000c\000t\000u\000r\000e}{chapter.6}% 60
\BOOKMARK [1][-]{section.6.6}{\376\377\000G\000e\000n\000e\000r\000a\000t\000e\000d\000\040\000P\000y\000t\000h\000o\000n\000\040\000S\000c\000r\000i\000p\000t\000\040\000S\000t\000r\000u\000c\000t\000u\000r\000e}{chapter.6}% 61
\BOOKMARK [1][-]{section.6.7}{\376\377\000S\000k\000i\000p\000\040\000L\000o\000g\000i\000c\000\040\000a\000n\000d\000\040\000E\000r\000r\000o\000r\000\040\000R\000e\000c\000o\000v\000e\000r\000y}{chapter.6}% 62
\BOOKMARK [0][-]{chapter.7}{\376\377\000T\000h\000e\000\040\000a\000n\000a\000l\000y\000z\000e\000\040\000C\000o\000m\000m\000a\000n\000d}{part.3}% 63
\BOOKMARK [1][-]{section.7.1}{\376\377\000S\000y\000n\000o\000p\000s\000i\000s}{chapter.7}% 64
\BOOKMARK [1][-]{section.7.2}{\376\377\000F\000l\000a\000g\000s}{chapter.7}% 65
\BOOKMARK [1][-]{section.7.3}{\376\377\000W\000h\000a\000t\000\040\000I\000t\000\040\000C\000o\000m\000p\000u\000t\000e\000s}{chapter.7}% 66
\BOOKMARK [2][-]{subsection.7.3.1}{\376\377\000M\000a\000i\000n\000\040\000E\000f\000f\000e\000c\000t\000s}{section.7.3}% 67
\BOOKMARK [2][-]{subsection.7.3.2}{\376\377\000I\000n\000t\000e\000r\000a\000c\000t\000i\000o\000n\000\040\000E\000f\000f\000e\000c\000t\000s}{section.7.3}% 68
\BOOKMARK [2][-]{subsection.7.3.3}{\376\377\000S\000u\000m\000m\000a\000r\000y\000\040\000S\000t\000a\000t\000i\000s\000t\000i\000c\000s}{section.7.3}% 69
\BOOKMARK [1][-]{section.7.4}{\376\377\000C\000o\000m\000p\000l\000e\000t\000e\000\040\000A\000n\000n\000o\000t\000a\000t\000e\000d\000\040\000O\000u\000t\000p\000u\000t}{chapter.7}% 70
\BOOKMARK [1][-]{section.7.5}{\376\377\000P\000l\000o\000t\000s}{chapter.7}% 71
\BOOKMARK [1][-]{section.7.6}{\376\377\000C\000S\000V\000\040\000E\000x\000p\000o\000r\000t}{chapter.7}% 72
\BOOKMARK [0][-]{chapter.8}{\376\377\000T\000h\000e\000\040\000o\000p\000t\000i\000m\000i\000z\000e\000\040\000C\000o\000m\000m\000a\000n\000d}{part.3}% 73
\BOOKMARK [1][-]{section.8.1}{\376\377\000S\000y\000n\000o\000p\000s\000i\000s}{chapter.8}% 74
\BOOKMARK [1][-]{section.8.2}{\376\377\000F\000l\000a\000g\000s}{chapter.8}% 75
\BOOKMARK [1][-]{section.8.3}{\376\377\000W\000h\000a\000t\000\040\000I\000t\000\040\000D\000o\000e\000s}{chapter.8}% 76
\BOOKMARK [1][-]{section.8.4}{\376\377\000C\000o\000m\000p\000l\000e\000t\000e\000\040\000A\000n\000n\000o\000t\000a\000t\000e\000d\000\040\000O\000u\000t\000p\000u\000t}{chapter.8}% 77
\BOOKMARK [2][-]{subsection.8.4.1}{\376\377\000U\000n\000d\000e\000r\000s\000t\000a\000n\000d\000i\000n\000g\000\040\000t\000h\000e\000\040\000O\000u\000t\000p\000u\000t}{section.8.4}% 78
\BOOKMARK [1][-]{section.8.5}{\376\377\000O\000p\000t\000i\000m\000i\000z\000i\000n\000g\000\040\000a\000\040\000S\000i\000n\000g\000l\000e\000\040\000R\000e\000s\000p\000o\000n\000s\000e}{chapter.8}% 79
\BOOKMARK [0][-]{chapter.9}{\376\377\000T\000h\000e\000\040\000i\000n\000f\000o\000\040\000C\000o\000m\000m\000a\000n\000d}{part.3}% 80
\BOOKMARK [1][-]{section.9.1}{\376\377\000S\000y\000n\000o\000p\000s\000i\000s}{chapter.9}% 81
\BOOKMARK [1][-]{section.9.2}{\376\377\000W\000h\000a\000t\000\040\000I\000t\000\040\000S\000h\000o\000w\000s}{chapter.9}% 82
\BOOKMARK [1][-]{section.9.3}{\376\377\000W\000h\000y\000\040\000s\000t\000r\000i\000c\000t\000=\000F\000a\000l\000s\000e\000?}{chapter.9}% 83
\BOOKMARK [0][-]{chapter.10}{\376\377\000T\000h\000e\000\040\000r\000e\000p\000o\000r\000t\000\040\000C\000o\000m\000m\000a\000n\000d}{part.3}% 84
\BOOKMARK [1][-]{section.10.1}{\376\377\000S\000y\000n\000o\000p\000s\000i\000s}{chapter.10}% 85
\BOOKMARK [1][-]{section.10.2}{\376\377\000F\000l\000a\000g\000s}{chapter.10}% 86
\BOOKMARK [1][-]{section.10.3}{\376\377\000W\000h\000a\000t\000\040\000t\000h\000e\000\040\000H\000T\000M\000L\000\040\000R\000e\000p\000o\000r\000t\000\040\000C\000o\000n\000t\000a\000i\000n\000s}{chapter.10}% 87
\BOOKMARK [1][-]{section.10.4}{\376\377\000S\000e\000l\000f\000-\000C\000o\000n\000t\000a\000i\000n\000e\000d\000\040\000D\000e\000s\000i\000g\000n}{chapter.10}% 88
\BOOKMARK [-1][-]{part.4}{\376\377\000I\000V\000\040\000D\000e\000s\000i\000g\000n\000\040\000T\000y\000p\000e\000s\000\040\000i\000n\000\040\000P\000r\000a\000c\000t\000i\000c\000e}{}% 89
\BOOKMARK [0][-]{chapter.11}{\376\377\000C\000h\000o\000o\000s\000i\000n\000g\000\040\000a\000n\000d\000\040\000U\000s\000i\000n\000g\000\040\000E\000a\000c\000h\000\040\000D\000e\000s\000i\000g\000n\000\040\000T\000y\000p\000e}{part.4}% 90
\BOOKMARK [1][-]{section.11.1}{\376\377\000F\000u\000l\000l\000\040\000F\000a\000c\000t\000o\000r\000i\000a\000l}{chapter.11}% 91
\BOOKMARK [2][-]{subsection.11.1.1}{\376\377\000O\000v\000e\000r\000v\000i\000e\000w}{section.11.1}% 92
\BOOKMARK [2][-]{subsection.11.1.2}{\376\377\000R\000e\000q\000u\000i\000r\000e\000m\000e\000n\000t\000s}{section.11.1}% 93
\BOOKMARK [2][-]{subsection.11.1.3}{\376\377\000N\000u\000m\000b\000e\000r\000\040\000o\000f\000\040\000R\000u\000n\000s}{section.11.1}% 94
\BOOKMARK [2][-]{subsection.11.1.4}{\376\377\000C\000o\000n\000f\000i\000g\000\040\000S\000n\000i\000p\000p\000e\000t}{section.11.1}% 95
\BOOKMARK [2][-]{subsection.11.1.5}{\376\377\000W\000h\000e\000n\000\040\000t\000o\000\040\000U\000s\000e}{section.11.1}% 96
\BOOKMARK [1][-]{section.11.2}{\376\377\000F\000r\000a\000c\000t\000i\000o\000n\000a\000l\000\040\000F\000a\000c\000t\000o\000r\000i\000a\000l}{chapter.11}% 97
\BOOKMARK [2][-]{subsection.11.2.1}{\376\377\000O\000v\000e\000r\000v\000i\000e\000w}{section.11.2}% 98
\BOOKMARK [2][-]{subsection.11.2.2}{\376\377\000R\000e\000q\000u\000i\000r\000e\000m\000e\000n\000t\000s}{section.11.2}% 99
\BOOKMARK [2][-]{subsection.11.2.3}{\376\377\000N\000u\000m\000b\000e\000r\000\040\000o\000f\000\040\000R\000u\000n\000s}{section.11.2}% 100
\BOOKMARK [2][-]{subsection.11.2.4}{\376\377\000C\000o\000n\000f\000i\000g\000\040\000S\000n\000i\000p\000p\000e\000t}{section.11.2}% 101
\BOOKMARK [2][-]{subsection.11.2.5}{\376\377\000W\000h\000e\000n\000\040\000t\000o\000\040\000U\000s\000e}{section.11.2}% 102
\BOOKMARK [1][-]{section.11.3}{\376\377\000P\000l\000a\000c\000k\000e\000t\000t\040\023\000B\000u\000r\000m\000a\000n}{chapter.11}% 103
\BOOKMARK [2][-]{subsection.11.3.1}{\376\377\000O\000v\000e\000r\000v\000i\000e\000w}{section.11.3}% 104
\BOOKMARK [2][-]{subsection.11.3.2}{\376\377\000R\000e\000q\000u\000i\000r\000e\000m\000e\000n\000t\000s}{section.11.3}% 105
\BOOKMARK [2][-]{subsection.11.3.3}{\376\377\000N\000u\000m\000b\000e\000r\000\040\000o\000f\000\040\000R\000u\000n\000s}{section.11.3}% 106
\BOOKMARK [2][-]{subsection.11.3.4}{\376\377\000C\000o\000n\000f\000i\000g\000\040\000S\000n\000i\000p\000p\000e\000t}{section.11.3}% 107
\BOOKMARK [2][-]{subsection.11.3.5}{\376\377\000W\000h\000e\000n\000\040\000t\000o\000\040\000U\000s\000e}{section.11.3}% 108
\BOOKMARK [1][-]{section.11.4}{\376\377\000L\000a\000t\000i\000n\000\040\000H\000y\000p\000e\000r\000c\000u\000b\000e}{chapter.11}% 109
\BOOKMARK [2][-]{subsection.11.4.1}{\376\377\000O\000v\000e\000r\000v\000i\000e\000w}{section.11.4}% 110
\BOOKMARK [2][-]{subsection.11.4.2}{\376\377\000R\000e\000q\000u\000i\000r\000e\000m\000e\000n\000t\000s}{section.11.4}% 111
\BOOKMARK [2][-]{subsection.11.4.3}{\376\377\000N\000u\000m\000b\000e\000r\000\040\000o\000f\000\040\000R\000u\000n\000s}{section.11.4}% 112
\BOOKMARK [2][-]{subsection.11.4.4}{\376\377\000C\000o\000n\000f\000i\000g\000\040\000S\000n\000i\000p\000p\000e\000t}{section.11.4}% 113
\BOOKMARK [2][-]{subsection.11.4.5}{\376\377\000W\000h\000e\000n\000\040\000t\000o\000\040\000U\000s\000e}{section.11.4}% 114
\BOOKMARK [1][-]{section.11.5}{\376\377\000C\000e\000n\000t\000r\000a\000l\000\040\000C\000o\000m\000p\000o\000s\000i\000t\000e\000\040\000D\000e\000s\000i\000g\000n\000\040\000\050\000C\000C\000D\000\051}{chapter.11}% 115
\BOOKMARK [2][-]{subsection.11.5.1}{\376\377\000O\000v\000e\000r\000v\000i\000e\000w}{section.11.5}% 116
\BOOKMARK [2][-]{subsection.11.5.2}{\376\377\000R\000e\000q\000u\000i\000r\000e\000m\000e\000n\000t\000s}{section.11.5}% 117
\BOOKMARK [2][-]{subsection.11.5.3}{\376\377\000N\000u\000m\000b\000e\000r\000\040\000o\000f\000\040\000R\000u\000n\000s}{section.11.5}% 118
\BOOKMARK [2][-]{subsection.11.5.4}{\376\377\000C\000o\000n\000f\000i\000g\000\040\000S\000n\000i\000p\000p\000e\000t}{section.11.5}% 119
\BOOKMARK [2][-]{subsection.11.5.5}{\376\377\000W\000h\000e\000n\000\040\000t\000o\000\040\000U\000s\000e}{section.11.5}% 120
\BOOKMARK [1][-]{section.11.6}{\376\377\000B\000o\000x\040\023\000B\000e\000h\000n\000k\000e\000n}{chapter.11}% 121
\BOOKMARK [2][-]{subsection.11.6.1}{\376\377\000O\000v\000e\000r\000v\000i\000e\000w}{section.11.6}% 122
\BOOKMARK [2][-]{subsection.11.6.2}{\376\377\000R\000e\000q\000u\000i\000r\000e\000m\000e\000n\000t\000s}{section.11.6}% 123
\BOOKMARK [2][-]{subsection.11.6.3}{\376\377\000N\000u\000m\000b\000e\000r\000\040\000o\000f\000\040\000R\000u\000n\000s}{section.11.6}% 124
\BOOKMARK [2][-]{subsection.11.6.4}{\376\377\000C\000o\000n\000f\000i\000g\000\040\000S\000n\000i\000p\000p\000e\000t}{section.11.6}% 125
\BOOKMARK [2][-]{subsection.11.6.5}{\376\377\000W\000h\000e\000n\000\040\000t\000o\000\040\000U\000s\000e}{section.11.6}% 126
\BOOKMARK [0][-]{chapter.12}{\376\377\000B\000l\000o\000c\000k\000i\000n\000g\000\040\000a\000n\000d\000\040\000R\000a\000n\000d\000o\000m\000i\000z\000a\000t\000i\000o\000n}{part.4}% 127
\BOOKMARK [1][-]{section.12.1}{\376\377\000H\000o\000w\000\040\000B\000l\000o\000c\000k\000i\000n\000g\000\040\000W\000o\000r\000k\000s}{chapter.12}% 128
\BOOKMARK [2][-]{subsection.12.1.1}{\376\377\000E\000x\000a\000m\000p\000l\000e\000:\000\040\000b\000l\000o\000c\000k\000\137\000c\000o\000u\000n\000t\000\040\000=\000\040\0001}{section.12.1}% 129
\BOOKMARK [2][-]{subsection.12.1.2}{\376\377\000E\000x\000a\000m\000p\000l\000e\000:\000\040\000b\000l\000o\000c\000k\000\137\000c\000o\000u\000n\000t\000\040\000=\000\040\0003}{section.12.1}% 130
\BOOKMARK [1][-]{section.12.2}{\376\377\000W\000i\000t\000h\000i\000n\000-\000B\000l\000o\000c\000k\000\040\000R\000a\000n\000d\000o\000m\000i\000z\000a\000t\000i\000o\000n}{chapter.12}% 131
\BOOKMARK [1][-]{section.12.3}{\376\377\000H\000o\000w\000\040\040\023\000s\000e\000e\000d\000\040\000C\000o\000n\000t\000r\000o\000l\000s\000\040\000R\000a\000n\000d\000o\000m\000i\000z\000a\000t\000i\000o\000n}{chapter.12}% 132
\BOOKMARK [1][-]{section.12.4}{\376\377\000W\000h\000e\000n\000\040\000t\000o\000\040\000U\000s\000e\000\040\000B\000l\000o\000c\000k\000i\000n\000g}{chapter.12}% 133
\BOOKMARK [-1][-]{part.5}{\376\377\000V\000\040\000T\000u\000t\000o\000r\000i\000a\000l\000s}{}% 134
\BOOKMARK [0][-]{chapter.13}{\376\377\000T\000u\000t\000o\000r\000i\000a\000l\000\040\040\024\000\040\000D\000a\000t\000a\000b\000a\000s\000e\000\040\000P\000e\000r\000f\000o\000r\000m\000a\000n\000c\000e\000\040\000T\000u\000n\000i\000n\000g}{part.5}% 135
\BOOKMARK [1][-]{section.13.1}{\376\377\000T\000h\000e\000\040\000P\000r\000o\000b\000l\000e\000m}{chapter.13}% 136
\BOOKMARK [1][-]{section.13.2}{\376\377\000P\000h\000a\000s\000e\000\040\0001\000:\000\040\000P\000l\000a\000c\000k\000e\000t\000t\040\023\000B\000u\000r\000m\000a\000n\000\040\000S\000c\000r\000e\000e\000n\000i\000n\000g}{chapter.13}% 137
\BOOKMARK [2][-]{subsection.13.2.1}{\376\377\000C\000o\000n\000f\000i\000g\000u\000r\000a\000t\000i\000o\000n}{section.13.2}% 138
\BOOKMARK [2][-]{subsection.13.2.2}{\376\377\000C\000o\000m\000m\000a\000n\000d\000s}{section.13.2}% 139
\BOOKMARK [2][-]{subsection.13.2.3}{\376\377\000I\000n\000t\000e\000r\000p\000r\000e\000t\000i\000n\000g\000\040\000t\000h\000e\000\040\000R\000e\000s\000u\000l\000t\000s}{section.13.2}% 140
\BOOKMARK [1][-]{section.13.3}{\376\377\000P\000h\000a\000s\000e\000\040\0002\000:\000\040\000F\000u\000l\000l\000\040\000F\000a\000c\000t\000o\000r\000i\000a\000l\000\040\000o\000n\000\040\000T\000o\000p\000\040\0002\000\040\000F\000a\000c\000t\000o\000r\000s}{chapter.13}% 141
\BOOKMARK [2][-]{subsection.13.3.1}{\376\377\000C\000o\000n\000f\000i\000g\000u\000r\000a\000t\000i\000o\000n}{section.13.3}% 142
\BOOKMARK [2][-]{subsection.13.3.2}{\376\377\000C\000o\000m\000m\000a\000n\000d\000s\000\040\000a\000n\000d\000\040\000A\000n\000a\000l\000y\000s\000i\000s}{section.13.3}% 143
\BOOKMARK [1][-]{section.13.4}{\376\377\000P\000h\000a\000s\000e\000\040\0003\000:\000\040\000C\000C\000D\000\040\000O\000p\000t\000i\000m\000i\000z\000a\000t\000i\000o\000n}{chapter.13}% 144
\BOOKMARK [2][-]{subsection.13.4.1}{\376\377\000C\000o\000n\000f\000i\000g\000u\000r\000a\000t\000i\000o\000n}{section.13.4}% 145
\BOOKMARK [2][-]{subsection.13.4.2}{\376\377\000C\000o\000m\000m\000a\000n\000d\000s}{section.13.4}% 146
\BOOKMARK [2][-]{subsection.13.4.3}{\376\377\000C\000o\000n\000c\000l\000u\000s\000i\000o\000n}{section.13.4}% 147
\BOOKMARK [0][-]{chapter.14}{\376\377\000T\000u\000t\000o\000r\000i\000a\000l\000\040\040\024\000\040\000C\000h\000e\000m\000i\000c\000a\000l\000\040\000R\000e\000a\000c\000t\000o\000r\000\040\000O\000p\000t\000i\000m\000i\000z\000a\000t\000i\000o\000n}{part.5}% 148
\BOOKMARK [1][-]{section.14.1}{\376\377\000T\000h\000e\000\040\000P\000r\000o\000b\000l\000e\000m}{chapter.14}% 149
\BOOKMARK [1][-]{section.14.2}{\376\377\000T\000h\000e\000\040\000C\000o\000n\000f\000i\000g\000u\000r\000a\000t\000i\000o\000n}{chapter.14}% 150
\BOOKMARK [1][-]{section.14.3}{\376\377\000W\000h\000y\000\040\000B\000o\000x\040\023\000B\000e\000h\000n\000k\000e\000n\000?}{chapter.14}% 151
\BOOKMARK [1][-]{section.14.4}{\376\377\000S\000t\000e\000p\000\040\0001\000:\000\040\000P\000r\000e\000v\000i\000e\000w\000\040\000t\000h\000e\000\040\000D\000e\000s\000i\000g\000n}{chapter.14}% 152
\BOOKMARK [1][-]{section.14.5}{\376\377\000S\000t\000e\000p\000\040\0002\000:\000\040\000G\000e\000n\000e\000r\000a\000t\000e\000\040\000a\000n\000d\000\040\000E\000x\000e\000c\000u\000t\000e}{chapter.14}% 153
\BOOKMARK [1][-]{section.14.6}{\376\377\000S\000t\000e\000p\000\040\0003\000:\000\040\000A\000n\000a\000l\000y\000z\000e}{chapter.14}% 154
\BOOKMARK [1][-]{section.14.7}{\376\377\000S\000t\000e\000p\000\040\0004\000:\000\040\000O\000p\000t\000i\000m\000i\000z\000e}{chapter.14}% 155
\BOOKMARK [1][-]{section.14.8}{\376\377\000M\000u\000l\000t\000i\000-\000R\000e\000s\000p\000o\000n\000s\000e\000\040\000T\000r\000a\000d\000e\000-\000o\000f\000f\000s}{chapter.14}% 156
\BOOKMARK [1][-]{section.14.9}{\376\377\000S\000t\000e\000p\000\040\0005\000:\000\040\000G\000e\000n\000e\000r\000a\000t\000e\000\040\000a\000\040\000R\000e\000p\000o\000r\000t}{chapter.14}% 157
\BOOKMARK [0][-]{appendix.A}{\376\377\000E\000r\000r\000o\000r\000\040\000M\000e\000s\000s\000a\000g\000e\000s\000\040\000R\000e\000f\000e\000r\000e\000n\000c\000e}{part.5}% 158
\BOOKMARK [1][-]{section.A.1}{\376\377\000C\000o\000n\000f\000i\000g\000u\000r\000a\000t\000i\000o\000n\000\040\000V\000a\000l\000i\000d\000a\000t\000i\000o\000n\000\040\000E\000r\000r\000o\000r\000s}{appendix.A}% 159
\BOOKMARK [1][-]{section.A.2}{\376\377\000R\000u\000n\000t\000i\000m\000e\000\040\000E\000r\000r\000o\000r\000s}{appendix.A}% 160
\BOOKMARK [0][-]{appendix.B}{\376\377\000O\000u\000t\000p\000u\000t\000\040\000F\000i\000l\000e\000\040\000F\000o\000r\000m\000a\000t\000s}{part.5}% 161
\BOOKMARK [1][-]{section.B.1}{\376\377\000R\000e\000s\000u\000l\000t\000\040\000J\000S\000O\000N\000\040\000F\000i\000l\000e\000s\000\040\000\050\000P\000e\000r\000-\000R\000u\000n\000\051}{appendix.B}% 162
\BOOKMARK [1][-]{section.B.2}{\376\377\000C\000S\000V\000\040\000E\000x\000p\000o\000r\000t\000\040\000F\000o\000r\000m\000a\000t}{appendix.B}% 163
\BOOKMARK [2][-]{subsection.B.2.1}{\376\377\000m\000a\000i\000n\000\137\000e\000f\000f\000e\000c\000t\000s\000\137\000\173\000r\000e\000s\000p\000o\000n\000s\000e\000\175\000.\000c\000s\000v}{section.B.2}% 164
\BOOKMARK [2][-]{subsection.B.2.2}{\376\377\000s\000u\000m\000m\000a\000r\000y\000\137\000s\000t\000a\000t\000s\000\137\000\173\000r\000e\000s\000p\000o\000n\000s\000e\000\175\000.\000c\000s\000v}{section.B.2}% 165
\BOOKMARK [1][-]{section.B.3}{\376\377\000H\000T\000M\000L\000\040\000R\000e\000p\000o\000r\000t\000\040\000S\000t\000r\000u\000c\000t\000u\000r\000e}{appendix.B}% 166
\BOOKMARK [1][-]{section.B.4}{\376\377\000P\000l\000o\000t\000\040\000P\000N\000G\000\040\000F\000i\000l\000e\000s}{appendix.B}% 167
\BOOKMARK [0][-]{appendix.C}{\376\377\000C\000o\000n\000f\000i\000g\000u\000r\000a\000t\000i\000o\000n\000\040\000E\000x\000a\000m\000p\000l\000e\000s}{part.5}% 168
\BOOKMARK [1][-]{section.C.1}{\376\377\000M\000i\000n\000i\000m\000a\000l\000\040\000C\000o\000n\000f\000i\000g\000u\000r\000a\000t\000i\000o\000n}{appendix.C}% 169
\BOOKMARK [1][-]{section.C.2}{\376\377\000F\000u\000l\000l\000-\000F\000e\000a\000t\000u\000r\000e\000d\000\040\000C\000o\000n\000f\000i\000g\000u\000r\000a\000t\000i\000o\000n}{appendix.C}% 170
\BOOKMARK [1][-]{section.C.3}{\376\377\000M\000u\000l\000t\000i\000-\000R\000e\000s\000p\000o\000n\000s\000e\000\040\000C\000o\000n\000f\000i\000g\000u\000r\000a\000t\000i\000o\000n}{appendix.C}% 171
\BOOKMARK [1][-]{section.C.4}{\376\377\000L\000e\000g\000a\000c\000y\000\040\000F\000o\000r\000m\000a\000t\000\040\000C\000o\000n\000f\000i\000g\000u\000r\000a\000t\000i\000o\000n}{appendix.C}% 172
\BOOKMARK [0][-]{appendix*.25}{\376\377\000I\000n\000d\000e\000x\000\040\000o\000f\000\040\000C\000o\000m\000m\000a\000n\000d\000s}{part.5}% 173
